\BOOKMARK [1][-]{section.1}{\376\377\000\040\136\217\212\000\000\040}{}% 1
\BOOKMARK [1][-]{section.2}{\376\377\000\040\162\054\207\362\000\040}{}% 2
\BOOKMARK [2][-]{subsection.2.1}{\376\377\133\346\117\134\155\101\172\013}{section.2}% 3
\BOOKMARK [2][-]{subsection.2.2}{\376\377\000\040\142\223\123\326\211\343\230\114\175\262\172\331\166\204\214\307\145\231}{section.2}% 4
\BOOKMARK [2][-]{subsection.2.3}{\376\377\000\040\201\352\122\325\152\137\126\150\116\272\000\040}{section.2}% 5
\BOOKMARK [2][-]{subsection.2.4}{\376\377\000\040\133\306\170\274\170\064\211\343\000\040}{section.2}% 6
\BOOKMARK [2][-]{subsection.2.5}{\376\377\000\040\150\041\121\147\136\343\144\255\000\040}{section.2}% 7
\BOOKMARK [2][-]{subsection.2.6}{\376\377\000\040\143\222\124\015\162\054\123\326\000\040}{section.2}% 8
\BOOKMARK [2][-]{subsection.2.7}{\376\377\000\040\133\170\156\054\125\256\133\127\162\054\123\326\000\040\000\050\116\000\145\164\136\164\166\204\147\000\175\102\142\020\147\234\000\051\000\040}{section.2}% 9
\BOOKMARK [3][-]{subsubsection.2.7.1}{\376\377\136\217\212\000}{subsection.2.7}% 10
\BOOKMARK [3][-]{subsubsection.2.7.2}{\376\377\000\040\133\346\117\134\122\325\152\137\000\040}{subsection.2.7}% 11
\BOOKMARK [3][-]{subsubsection.2.7.3}{\376\377\000\040\220\107\122\060\166\204\126\360\226\343\124\214\211\343\154\172\145\271\137\017\000\040}{subsection.2.7}% 12
\BOOKMARK [3][-]{subsubsection.2.7.4}{\376\377\000\040\133\170\122\060\166\204\116\213\140\305\000\040}{subsection.2.7}% 13
\BOOKMARK [3][-]{subsubsection.2.7.5}{\376\377\000\040\123\357\116\345\145\071\220\062\166\204\145\271\124\021}{subsection.2.7}% 14
\BOOKMARK [1][-]{section.3}{\376\377\000\040\220\112\142\062}{}% 15
\BOOKMARK [2][-]{subsection.3.1}{\376\377\136\217\212\000}{section.3}% 16
\BOOKMARK [2][-]{subsection.3.2}{\376\377\220\112\142\062\127\372\147\054\155\101\172\013}{section.3}% 17
\BOOKMARK [2][-]{subsection.3.3}{\376\377\000\040\214\252\124\003\206\307\000\040\000\050\000c\000+\000+\000\051\000\040}{section.3}% 18
\BOOKMARK [2][-]{subsection.3.4}{\376\377\000\040\214\252\124\003\206\307\000\040\000\050\000p\000y\000t\000h\000o\000n\000\051\000\040}{section.3}% 19
\BOOKMARK [1][-]{section.4}{\376\377\147\052\117\206\134\125\147\033}{}% 20
\BOOKMARK [1][-]{section.5}{\376\377\175\120\212\236}{}% 21
